[2019-11-26 16:44:21,462]  INFO com.gojek.assignment.gojekfinalassignment.service.ApiServiceImpl printResult - https://reqres.in/api/users/3 equals https://reqres.in/api/users/3
[2019-11-26 16:44:21,464]  INFO com.gojek.assignment.gojekfinalassignment.service.ApiServiceImpl printResult - https://reqres.in/api/users/2 equals https://reqres.in/api/users/2
[2019-11-26 16:44:21,464]  INFO com.gojek.assignment.gojekfinalassignment.service.ApiServiceImpl printResult - https://reqres.in/api/users/1 equals https://reqres.in/api/users/1
[2019-11-26 16:44:21,464]  INFO com.gojek.assignment.gojekfinalassignment.service.ApiServiceImpl printResult - https://reqres.in/api/users?page=3 not equals https://reqres.in/api/users?page=2
[2019-11-26 16:44:25,964]  INFO com.gojek.assignment.gojekfinalassignment.service.ApiServiceImpl printResult - https://reqres.in/api/users/2 equals https://reqres.in/api/users/2
[2019-11-26 16:44:25,990]  INFO com.gojek.assignment.gojekfinalassignment.service.ApiServiceImpl printResult - https://reqres.in/api/users/2 equals https://reqres.in/api/users/2
[2019-11-26 16:44:25,990]  INFO com.gojek.assignment.gojekfinalassignment.service.ApiServiceImpl printResult - https://reqres.in/api/users?page=2 equals https://reqres.in/api/users?page=2
[2019-11-26 16:44:25,991]  INFO com.gojek.assignment.gojekfinalassignment.service.ApiServiceImpl printResult - https://reqres.in/api/users?page=2 equals https://reqres.in/api/users?page=2
[2019-11-26 16:44:25,991]  INFO com.gojek.assignment.gojekfinalassignment.service.ApiServiceImpl printResult - https://reqres.in/api/users?page=1 equals https://reqres.in/api/users?page=1
[2019-11-26 17:11:13,162]  ERROR com.gojek.assignment.gojekfinalassignment.ComparatorTest testComparator - Comparator failed.
java.lang.Exception: Exception in getting API Responses
	at com.gojek.assignment.gojekfinalassignment.service.ApiServiceImpl.getApiResponse(ApiServiceImpl.java:140)
	at com.gojek.assignment.gojekfinalassignment.ComparatorTest.testComparator(ComparatorTest.java:61)
	at sun.reflect.NativeMethodAccessorImpl.invoke0(Native Method)
	at sun.reflect.NativeMethodAccessorImpl.invoke(NativeMethodAccessorImpl.java:62)
	at sun.reflect.DelegatingMethodAccessorImpl.invoke(DelegatingMethodAccessorImpl.java:43)
	at java.lang.reflect.Method.invoke(Method.java:498)
	at org.testng.internal.MethodInvocationHelper.invokeMethod(MethodInvocationHelper.java:84)
	at org.testng.internal.Invoker.invokeMethod(Invoker.java:714)
	at org.testng.internal.Invoker.invokeTestMethod(Invoker.java:901)
	at org.testng.internal.Invoker.invokeTestMethods(Invoker.java:1231)
	at org.testng.internal.TestMethodWorker.invokeTestMethods(TestMethodWorker.java:127)
	at org.testng.internal.TestMethodWorker.run(TestMethodWorker.java:111)
	at org.testng.TestRunner.privateRun(TestRunner.java:767)
	at org.testng.TestRunner.run(TestRunner.java:617)
	at org.testng.SuiteRunner.runTest(SuiteRunner.java:348)
	at org.testng.SuiteRunner.runSequentially(SuiteRunner.java:343)
	at org.testng.SuiteRunner.privateRun(SuiteRunner.java:305)
	at org.testng.SuiteRunner.run(SuiteRunner.java:254)
	at org.testng.SuiteRunnerWorker.runSuite(SuiteRunnerWorker.java:52)
	at org.testng.SuiteRunnerWorker.run(SuiteRunnerWorker.java:86)
	at org.testng.TestNG.runSuitesSequentially(TestNG.java:1224)
	at org.testng.TestNG.runSuitesLocally(TestNG.java:1149)
	at org.testng.TestNG.run(TestNG.java:1057)
	at org.testng.remote.AbstractRemoteTestNG.run(AbstractRemoteTestNG.java:114)
	at org.testng.remote.RemoteTestNG.initAndRun(RemoteTestNG.java:251)
	at org.testng.remote.RemoteTestNG.main(RemoteTestNG.java:77)
Caused by: java.lang.IllegalArgumentException: Illegal character in scheme name at index 0: ​https://reqres.in/api/users/1  
	at java.net.URI.create(URI.java:852)
	at org.apache.http.client.methods.HttpGet.<init>(HttpGet.java:69)
	at com.gojek.assignment.gojekfinalassignment.dao.APICallerImpl.makeGetCall(APICallerImpl.java:38)
	at com.gojek.assignment.gojekfinalassignment.service.ApiServiceImpl.callApi(ApiServiceImpl.java:172)
	at com.gojek.assignment.gojekfinalassignment.service.ApiServiceImpl.getResponseObjList(ApiServiceImpl.java:153)
	at com.gojek.assignment.gojekfinalassignment.service.ApiServiceImpl.getApiResponse(ApiServiceImpl.java:132)
	... 25 more
Caused by: java.net.URISyntaxException: Illegal character in scheme name at index 0: ​https://reqres.in/api/users/1  
	at java.net.URI$Parser.fail(URI.java:2848)
	at java.net.URI$Parser.checkChars(URI.java:3021)
	at java.net.URI$Parser.checkChar(URI.java:3031)
	at java.net.URI$Parser.parse(URI.java:3047)
	at java.net.URI.<init>(URI.java:588)
	at java.net.URI.create(URI.java:850)
	... 30 more
[2019-11-26 17:14:06,731]  INFO org.apache.http.impl.execchain.RetryExec execute - I/O exception (java.net.SocketException) caught when processing request to {s}->https://reqres.in:443: Software caused connection abort: recv failed
[2019-11-26 17:14:06,770]  INFO org.apache.http.impl.execchain.RetryExec execute - Retrying request to {s}->https://reqres.in:443
[2019-11-26 17:14:13,147]  ERROR com.gojek.assignment.gojekfinalassignment.ComparatorTest testComparator - Comparator failed.
java.lang.Exception: Exception in getting API Responses
	at com.gojek.assignment.gojekfinalassignment.service.ApiServiceImpl.getApiResponse(ApiServiceImpl.java:140)
	at com.gojek.assignment.gojekfinalassignment.ComparatorTest.testComparator(ComparatorTest.java:61)
	at sun.reflect.NativeMethodAccessorImpl.invoke0(Native Method)
	at sun.reflect.NativeMethodAccessorImpl.invoke(NativeMethodAccessorImpl.java:62)
	at sun.reflect.DelegatingMethodAccessorImpl.invoke(DelegatingMethodAccessorImpl.java:43)
	at java.lang.reflect.Method.invoke(Method.java:498)
	at org.testng.internal.MethodInvocationHelper.invokeMethod(MethodInvocationHelper.java:84)
	at org.testng.internal.Invoker.invokeMethod(Invoker.java:714)
	at org.testng.internal.Invoker.invokeTestMethod(Invoker.java:901)
	at org.testng.internal.Invoker.invokeTestMethods(Invoker.java:1231)
	at org.testng.internal.TestMethodWorker.invokeTestMethods(TestMethodWorker.java:127)
	at org.testng.internal.TestMethodWorker.run(TestMethodWorker.java:111)
	at org.testng.TestRunner.privateRun(TestRunner.java:767)
	at org.testng.TestRunner.run(TestRunner.java:617)
	at org.testng.SuiteRunner.runTest(SuiteRunner.java:348)
	at org.testng.SuiteRunner.runSequentially(SuiteRunner.java:343)
	at org.testng.SuiteRunner.privateRun(SuiteRunner.java:305)
	at org.testng.SuiteRunner.run(SuiteRunner.java:254)
	at org.testng.SuiteRunnerWorker.runSuite(SuiteRunnerWorker.java:52)
	at org.testng.SuiteRunnerWorker.run(SuiteRunnerWorker.java:86)
	at org.testng.TestNG.runSuitesSequentially(TestNG.java:1224)
	at org.testng.TestNG.runSuitesLocally(TestNG.java:1149)
	at org.testng.TestNG.run(TestNG.java:1057)
	at org.testng.remote.AbstractRemoteTestNG.run(AbstractRemoteTestNG.java:114)
	at org.testng.remote.RemoteTestNG.initAndRun(RemoteTestNG.java:251)
	at org.testng.remote.RemoteTestNG.main(RemoteTestNG.java:77)
Caused by: java.lang.IllegalArgumentException: Illegal character in scheme name at index 0: ​https://reqres.in/api/users/1  
	at java.net.URI.create(URI.java:852)
	at org.apache.http.client.methods.HttpGet.<init>(HttpGet.java:69)
	at com.gojek.assignment.gojekfinalassignment.dao.APICallerImpl.makeGetCall(APICallerImpl.java:38)
	at com.gojek.assignment.gojekfinalassignment.service.ApiServiceImpl.callApi(ApiServiceImpl.java:172)
	at com.gojek.assignment.gojekfinalassignment.service.ApiServiceImpl.getResponseObjList(ApiServiceImpl.java:153)
	at com.gojek.assignment.gojekfinalassignment.service.ApiServiceImpl.getApiResponse(ApiServiceImpl.java:132)
	... 25 more
Caused by: java.net.URISyntaxException: Illegal character in scheme name at index 0: ​https://reqres.in/api/users/1  
	at java.net.URI$Parser.fail(URI.java:2848)
	at java.net.URI$Parser.checkChars(URI.java:3021)
	at java.net.URI$Parser.checkChar(URI.java:3031)
	at java.net.URI$Parser.parse(URI.java:3047)
	at java.net.URI.<init>(URI.java:588)
	at java.net.URI.create(URI.java:850)
	... 30 more
[2019-11-26 17:15:37,255]  ERROR com.gojek.assignment.gojekfinalassignment.ComparatorTest testComparator - Comparator failed.
java.lang.Exception: Exception in getting API Responses
	at com.gojek.assignment.gojekfinalassignment.service.ApiServiceImpl.getApiResponse(ApiServiceImpl.java:140)
	at com.gojek.assignment.gojekfinalassignment.ComparatorTest.testComparator(ComparatorTest.java:61)
	at sun.reflect.NativeMethodAccessorImpl.invoke0(Native Method)
	at sun.reflect.NativeMethodAccessorImpl.invoke(NativeMethodAccessorImpl.java:62)
	at sun.reflect.DelegatingMethodAccessorImpl.invoke(DelegatingMethodAccessorImpl.java:43)
	at java.lang.reflect.Method.invoke(Method.java:498)
	at org.testng.internal.MethodInvocationHelper.invokeMethod(MethodInvocationHelper.java:84)
	at org.testng.internal.Invoker.invokeMethod(Invoker.java:714)
	at org.testng.internal.Invoker.invokeTestMethod(Invoker.java:901)
	at org.testng.internal.Invoker.invokeTestMethods(Invoker.java:1231)
	at org.testng.internal.TestMethodWorker.invokeTestMethods(TestMethodWorker.java:127)
	at org.testng.internal.TestMethodWorker.run(TestMethodWorker.java:111)
	at org.testng.TestRunner.privateRun(TestRunner.java:767)
	at org.testng.TestRunner.run(TestRunner.java:617)
	at org.testng.SuiteRunner.runTest(SuiteRunner.java:348)
	at org.testng.SuiteRunner.runSequentially(SuiteRunner.java:343)
	at org.testng.SuiteRunner.privateRun(SuiteRunner.java:305)
	at org.testng.SuiteRunner.run(SuiteRunner.java:254)
	at org.testng.SuiteRunnerWorker.runSuite(SuiteRunnerWorker.java:52)
	at org.testng.SuiteRunnerWorker.run(SuiteRunnerWorker.java:86)
	at org.testng.TestNG.runSuitesSequentially(TestNG.java:1224)
	at org.testng.TestNG.runSuitesLocally(TestNG.java:1149)
	at org.testng.TestNG.run(TestNG.java:1057)
	at org.testng.remote.AbstractRemoteTestNG.run(AbstractRemoteTestNG.java:114)
	at org.testng.remote.RemoteTestNG.initAndRun(RemoteTestNG.java:251)
	at org.testng.remote.RemoteTestNG.main(RemoteTestNG.java:77)
Caused by: java.lang.IllegalArgumentException: Illegal character in scheme name at index 0: ​https://reqres.in/api/users/1  
	at java.net.URI.create(URI.java:852)
	at org.apache.http.client.methods.HttpGet.<init>(HttpGet.java:69)
	at com.gojek.assignment.gojekfinalassignment.dao.APICallerImpl.makeGetCall(APICallerImpl.java:38)
	at com.gojek.assignment.gojekfinalassignment.service.ApiServiceImpl.callApi(ApiServiceImpl.java:172)
	at com.gojek.assignment.gojekfinalassignment.service.ApiServiceImpl.getResponseObjList(ApiServiceImpl.java:153)
	at com.gojek.assignment.gojekfinalassignment.service.ApiServiceImpl.getApiResponse(ApiServiceImpl.java:132)
	... 25 more
Caused by: java.net.URISyntaxException: Illegal character in scheme name at index 0: ​https://reqres.in/api/users/1  
	at java.net.URI$Parser.fail(URI.java:2848)
	at java.net.URI$Parser.checkChars(URI.java:3021)
	at java.net.URI$Parser.checkChar(URI.java:3031)
	at java.net.URI$Parser.parse(URI.java:3047)
	at java.net.URI.<init>(URI.java:588)
	at java.net.URI.create(URI.java:850)
	... 30 more
[2019-11-26 17:17:48,740]  INFO org.apache.http.impl.execchain.RetryExec execute - I/O exception (java.net.SocketException) caught when processing request to {s}->https://reqres.in:443: Software caused connection abort: recv failed
[2019-11-26 17:17:48,779]  INFO org.apache.http.impl.execchain.RetryExec execute - Retrying request to {s}->https://reqres.in:443
[2019-11-26 17:18:08,180]  ERROR com.gojek.assignment.gojekfinalassignment.ComparatorTest testComparator - Comparator failed.
java.lang.Exception: Exception in getting API Responses
	at com.gojek.assignment.gojekfinalassignment.service.ApiServiceImpl.getApiResponse(ApiServiceImpl.java:140)
	at com.gojek.assignment.gojekfinalassignment.ComparatorTest.testComparator(ComparatorTest.java:61)
	at sun.reflect.NativeMethodAccessorImpl.invoke0(Native Method)
	at sun.reflect.NativeMethodAccessorImpl.invoke(NativeMethodAccessorImpl.java:62)
	at sun.reflect.DelegatingMethodAccessorImpl.invoke(DelegatingMethodAccessorImpl.java:43)
	at java.lang.reflect.Method.invoke(Method.java:498)
	at org.testng.internal.MethodInvocationHelper.invokeMethod(MethodInvocationHelper.java:84)
	at org.testng.internal.Invoker.invokeMethod(Invoker.java:714)
	at org.testng.internal.Invoker.invokeTestMethod(Invoker.java:901)
	at org.testng.internal.Invoker.invokeTestMethods(Invoker.java:1231)
	at org.testng.internal.TestMethodWorker.invokeTestMethods(TestMethodWorker.java:127)
	at org.testng.internal.TestMethodWorker.run(TestMethodWorker.java:111)
	at org.testng.TestRunner.privateRun(TestRunner.java:767)
	at org.testng.TestRunner.run(TestRunner.java:617)
	at org.testng.SuiteRunner.runTest(SuiteRunner.java:348)
	at org.testng.SuiteRunner.runSequentially(SuiteRunner.java:343)
	at org.testng.SuiteRunner.privateRun(SuiteRunner.java:305)
	at org.testng.SuiteRunner.run(SuiteRunner.java:254)
	at org.testng.SuiteRunnerWorker.runSuite(SuiteRunnerWorker.java:52)
	at org.testng.SuiteRunnerWorker.run(SuiteRunnerWorker.java:86)
	at org.testng.TestNG.runSuitesSequentially(TestNG.java:1224)
	at org.testng.TestNG.runSuitesLocally(TestNG.java:1149)
	at org.testng.TestNG.run(TestNG.java:1057)
	at org.testng.remote.AbstractRemoteTestNG.run(AbstractRemoteTestNG.java:114)
	at org.testng.remote.RemoteTestNG.initAndRun(RemoteTestNG.java:251)
	at org.testng.remote.RemoteTestNG.main(RemoteTestNG.java:77)
Caused by: java.lang.IllegalArgumentException: Illegal character in scheme name at index 0: ​https://reqres.in/api/users/1  
	at java.net.URI.create(URI.java:852)
	at org.apache.http.client.methods.HttpGet.<init>(HttpGet.java:69)
	at com.gojek.assignment.gojekfinalassignment.dao.APICallerImpl.makeGetCall(APICallerImpl.java:38)
	at com.gojek.assignment.gojekfinalassignment.service.ApiServiceImpl.callApi(ApiServiceImpl.java:172)
	at com.gojek.assignment.gojekfinalassignment.service.ApiServiceImpl.getResponseObjList(ApiServiceImpl.java:153)
	at com.gojek.assignment.gojekfinalassignment.service.ApiServiceImpl.getApiResponse(ApiServiceImpl.java:132)
	... 25 more
Caused by: java.net.URISyntaxException: Illegal character in scheme name at index 0: ​https://reqres.in/api/users/1  
	at java.net.URI$Parser.fail(URI.java:2848)
	at java.net.URI$Parser.checkChars(URI.java:3021)
	at java.net.URI$Parser.checkChar(URI.java:3031)
	at java.net.URI$Parser.parse(URI.java:3047)
	at java.net.URI.<init>(URI.java:588)
	at java.net.URI.create(URI.java:850)
	... 30 more
[2019-11-26 17:22:50,810]  ERROR com.gojek.assignment.gojekfinalassignment.ComparatorTest testComparator - Comparator failed.
java.lang.Exception: Exception in getting API Responses
	at com.gojek.assignment.gojekfinalassignment.service.ApiServiceImpl.getApiResponse(ApiServiceImpl.java:140)
	at com.gojek.assignment.gojekfinalassignment.ComparatorTest.testComparator(ComparatorTest.java:61)
	at sun.reflect.NativeMethodAccessorImpl.invoke0(Native Method)
	at sun.reflect.NativeMethodAccessorImpl.invoke(NativeMethodAccessorImpl.java:62)
	at sun.reflect.DelegatingMethodAccessorImpl.invoke(DelegatingMethodAccessorImpl.java:43)
	at java.lang.reflect.Method.invoke(Method.java:498)
	at org.testng.internal.MethodInvocationHelper.invokeMethod(MethodInvocationHelper.java:84)
	at org.testng.internal.Invoker.invokeMethod(Invoker.java:714)
	at org.testng.internal.Invoker.invokeTestMethod(Invoker.java:901)
	at org.testng.internal.Invoker.invokeTestMethods(Invoker.java:1231)
	at org.testng.internal.TestMethodWorker.invokeTestMethods(TestMethodWorker.java:127)
	at org.testng.internal.TestMethodWorker.run(TestMethodWorker.java:111)
	at org.testng.TestRunner.privateRun(TestRunner.java:767)
	at org.testng.TestRunner.run(TestRunner.java:617)
	at org.testng.SuiteRunner.runTest(SuiteRunner.java:348)
	at org.testng.SuiteRunner.runSequentially(SuiteRunner.java:343)
	at org.testng.SuiteRunner.privateRun(SuiteRunner.java:305)
	at org.testng.SuiteRunner.run(SuiteRunner.java:254)
	at org.testng.SuiteRunnerWorker.runSuite(SuiteRunnerWorker.java:52)
	at org.testng.SuiteRunnerWorker.run(SuiteRunnerWorker.java:86)
	at org.testng.TestNG.runSuitesSequentially(TestNG.java:1224)
	at org.testng.TestNG.runSuitesLocally(TestNG.java:1149)
	at org.testng.TestNG.run(TestNG.java:1057)
	at org.testng.remote.AbstractRemoteTestNG.run(AbstractRemoteTestNG.java:114)
	at org.testng.remote.RemoteTestNG.initAndRun(RemoteTestNG.java:251)
	at org.testng.remote.RemoteTestNG.main(RemoteTestNG.java:77)
Caused by: java.lang.IllegalStateException: Target host is null
	at org.apache.http.util.Asserts.notNull(Asserts.java:46)
	at org.apache.http.impl.client.InternalHttpClient.determineRoute(InternalHttpClient.java:125)
	at org.apache.http.impl.client.InternalHttpClient.doExecute(InternalHttpClient.java:185)
	at org.apache.http.impl.client.CloseableHttpClient.execute(CloseableHttpClient.java:82)
	at org.apache.http.impl.client.CloseableHttpClient.execute(CloseableHttpClient.java:106)
	at com.gojek.assignment.gojekfinalassignment.dao.APICallerImpl.makeApiRequest(APICallerImpl.java:76)
	at com.gojek.assignment.gojekfinalassignment.dao.APICallerImpl.makeGetCall(APICallerImpl.java:42)
	at com.gojek.assignment.gojekfinalassignment.service.ApiServiceImpl.callApi(ApiServiceImpl.java:172)
	at com.gojek.assignment.gojekfinalassignment.service.ApiServiceImpl.getResponseObjList(ApiServiceImpl.java:153)
	at com.gojek.assignment.gojekfinalassignment.service.ApiServiceImpl.getApiResponse(ApiServiceImpl.java:132)
	... 25 more
[2019-11-26 17:31:55,534]  ERROR com.gojek.assignment.gojekfinalassignment.ComparatorTest testComparator - Comparator failed.
java.lang.Exception: Exception in getting API Responses
	at com.gojek.assignment.gojekfinalassignment.service.ApiServiceImpl.getApiResponse(ApiServiceImpl.java:140)
	at com.gojek.assignment.gojekfinalassignment.ComparatorTest.testComparator(ComparatorTest.java:61)
	at sun.reflect.NativeMethodAccessorImpl.invoke0(Native Method)
	at sun.reflect.NativeMethodAccessorImpl.invoke(NativeMethodAccessorImpl.java:62)
	at sun.reflect.DelegatingMethodAccessorImpl.invoke(DelegatingMethodAccessorImpl.java:43)
	at java.lang.reflect.Method.invoke(Method.java:498)
	at org.testng.internal.MethodInvocationHelper.invokeMethod(MethodInvocationHelper.java:84)
	at org.testng.internal.Invoker.invokeMethod(Invoker.java:714)
	at org.testng.internal.Invoker.invokeTestMethod(Invoker.java:901)
	at org.testng.internal.Invoker.invokeTestMethods(Invoker.java:1231)
	at org.testng.internal.TestMethodWorker.invokeTestMethods(TestMethodWorker.java:127)
	at org.testng.internal.TestMethodWorker.run(TestMethodWorker.java:111)
	at org.testng.TestRunner.privateRun(TestRunner.java:767)
	at org.testng.TestRunner.run(TestRunner.java:617)
	at org.testng.SuiteRunner.runTest(SuiteRunner.java:348)
	at org.testng.SuiteRunner.runSequentially(SuiteRunner.java:343)
	at org.testng.SuiteRunner.privateRun(SuiteRunner.java:305)
	at org.testng.SuiteRunner.run(SuiteRunner.java:254)
	at org.testng.SuiteRunnerWorker.runSuite(SuiteRunnerWorker.java:52)
	at org.testng.SuiteRunnerWorker.run(SuiteRunnerWorker.java:86)
	at org.testng.TestNG.runSuitesSequentially(TestNG.java:1224)
	at org.testng.TestNG.runSuitesLocally(TestNG.java:1149)
	at org.testng.TestNG.run(TestNG.java:1057)
	at org.testng.remote.AbstractRemoteTestNG.run(AbstractRemoteTestNG.java:114)
	at org.testng.remote.RemoteTestNG.initAndRun(RemoteTestNG.java:251)
	at org.testng.remote.RemoteTestNG.main(RemoteTestNG.java:77)
Caused by: java.lang.IllegalStateException: Target host is null
	at org.apache.http.util.Asserts.notNull(Asserts.java:46)
	at org.apache.http.impl.client.InternalHttpClient.determineRoute(InternalHttpClient.java:125)
	at org.apache.http.impl.client.InternalHttpClient.doExecute(InternalHttpClient.java:185)
	at org.apache.http.impl.client.CloseableHttpClient.execute(CloseableHttpClient.java:82)
	at org.apache.http.impl.client.CloseableHttpClient.execute(CloseableHttpClient.java:106)
	at com.gojek.assignment.gojekfinalassignment.dao.APICallerImpl.makeApiRequest(APICallerImpl.java:77)
	at com.gojek.assignment.gojekfinalassignment.dao.APICallerImpl.makeGetCall(APICallerImpl.java:42)
	at com.gojek.assignment.gojekfinalassignment.service.ApiServiceImpl.callApi(ApiServiceImpl.java:172)
	at com.gojek.assignment.gojekfinalassignment.service.ApiServiceImpl.getResponseObjList(ApiServiceImpl.java:153)
	at com.gojek.assignment.gojekfinalassignment.service.ApiServiceImpl.getApiResponse(ApiServiceImpl.java:132)
	... 25 more
[2019-11-26 18:22:57,082]  ERROR com.gojek.assignment.gojekfinalassignment.ComparatorTest testComparator - Comparator failed.
java.lang.Exception: 
	at com.gojek.assignment.gojekfinalassignment.service.ApiServiceImpl.compareResponse(ApiServiceImpl.java:238)
	at com.gojek.assignment.gojekfinalassignment.ComparatorTest.testComparator(ComparatorTest.java:63)
	at sun.reflect.NativeMethodAccessorImpl.invoke0(Native Method)
	at sun.reflect.NativeMethodAccessorImpl.invoke(NativeMethodAccessorImpl.java:62)
	at sun.reflect.DelegatingMethodAccessorImpl.invoke(DelegatingMethodAccessorImpl.java:43)
	at java.lang.reflect.Method.invoke(Method.java:498)
	at org.testng.internal.MethodInvocationHelper.invokeMethod(MethodInvocationHelper.java:84)
	at org.testng.internal.Invoker.invokeMethod(Invoker.java:714)
	at org.testng.internal.Invoker.invokeTestMethod(Invoker.java:901)
	at org.testng.internal.Invoker.invokeTestMethods(Invoker.java:1231)
	at org.testng.internal.TestMethodWorker.invokeTestMethods(TestMethodWorker.java:127)
	at org.testng.internal.TestMethodWorker.run(TestMethodWorker.java:111)
	at org.testng.TestRunner.privateRun(TestRunner.java:767)
	at org.testng.TestRunner.run(TestRunner.java:617)
	at org.testng.SuiteRunner.runTest(SuiteRunner.java:348)
	at org.testng.SuiteRunner.runSequentially(SuiteRunner.java:343)
	at org.testng.SuiteRunner.privateRun(SuiteRunner.java:305)
	at org.testng.SuiteRunner.run(SuiteRunner.java:254)
	at org.testng.SuiteRunnerWorker.runSuite(SuiteRunnerWorker.java:52)
	at org.testng.SuiteRunnerWorker.run(SuiteRunnerWorker.java:86)
	at org.testng.TestNG.runSuitesSequentially(TestNG.java:1224)
	at org.testng.TestNG.runSuitesLocally(TestNG.java:1149)
	at org.testng.TestNG.run(TestNG.java:1057)
	at org.testng.remote.AbstractRemoteTestNG.run(AbstractRemoteTestNG.java:114)
	at org.testng.remote.RemoteTestNG.initAndRun(RemoteTestNG.java:251)
	at org.testng.remote.RemoteTestNG.main(RemoteTestNG.java:77)
Caused by: java.lang.NullPointerException
	at com.gojek.assignment.gojekfinalassignment.service.ApiServiceImpl.compareResponse(ApiServiceImpl.java:205)
	... 25 more
[2019-11-26 18:28:36,346]  ERROR com.gojek.assignment.gojekfinalassignment.ComparatorTest testComparator - Comparator failed.
java.lang.Exception: 
	at com.gojek.assignment.gojekfinalassignment.service.ApiServiceImpl.compareResponse(ApiServiceImpl.java:238)
	at com.gojek.assignment.gojekfinalassignment.ComparatorTest.testComparator(ComparatorTest.java:63)
	at sun.reflect.NativeMethodAccessorImpl.invoke0(Native Method)
	at sun.reflect.NativeMethodAccessorImpl.invoke(NativeMethodAccessorImpl.java:62)
	at sun.reflect.DelegatingMethodAccessorImpl.invoke(DelegatingMethodAccessorImpl.java:43)
	at java.lang.reflect.Method.invoke(Method.java:498)
	at org.testng.internal.MethodInvocationHelper.invokeMethod(MethodInvocationHelper.java:84)
	at org.testng.internal.Invoker.invokeMethod(Invoker.java:714)
	at org.testng.internal.Invoker.invokeTestMethod(Invoker.java:901)
	at org.testng.internal.Invoker.invokeTestMethods(Invoker.java:1231)
	at org.testng.internal.TestMethodWorker.invokeTestMethods(TestMethodWorker.java:127)
	at org.testng.internal.TestMethodWorker.run(TestMethodWorker.java:111)
	at org.testng.TestRunner.privateRun(TestRunner.java:767)
	at org.testng.TestRunner.run(TestRunner.java:617)
	at org.testng.SuiteRunner.runTest(SuiteRunner.java:348)
	at org.testng.SuiteRunner.runSequentially(SuiteRunner.java:343)
	at org.testng.SuiteRunner.privateRun(SuiteRunner.java:305)
	at org.testng.SuiteRunner.run(SuiteRunner.java:254)
	at org.testng.SuiteRunnerWorker.runSuite(SuiteRunnerWorker.java:52)
	at org.testng.SuiteRunnerWorker.run(SuiteRunnerWorker.java:86)
	at org.testng.TestNG.runSuitesSequentially(TestNG.java:1224)
	at org.testng.TestNG.runSuitesLocally(TestNG.java:1149)
	at org.testng.TestNG.run(TestNG.java:1057)
	at org.testng.remote.AbstractRemoteTestNG.run(AbstractRemoteTestNG.java:114)
	at org.testng.remote.RemoteTestNG.initAndRun(RemoteTestNG.java:251)
	at org.testng.remote.RemoteTestNG.main(RemoteTestNG.java:77)
Caused by: java.lang.NullPointerException
	at com.gojek.assignment.gojekfinalassignment.service.ApiServiceImpl.compareResponse(ApiServiceImpl.java:205)
	... 25 more
[2019-11-26 18:39:43,268]  INFO org.apache.http.impl.execchain.RetryExec execute - I/O exception (java.net.SocketException) caught when processing request to {s}->https://reqres.in:443: Software caused connection abort: recv failed
[2019-11-26 18:39:43,307]  INFO org.apache.http.impl.execchain.RetryExec execute - Retrying request to {s}->https://reqres.in:443
[2019-11-26 18:41:39,796]  INFO com.gojek.assignment.gojekfinalassignment.service.ApiServiceImpl printResult - https://reqres.in/api/users/3 not equals https://reqres.in/api/users/2
[2019-11-26 18:41:39,798]  INFO com.gojek.assignment.gojekfinalassignment.service.ApiServiceImpl printResult - https://reqres.in/api/users/1 not equals https://reqres.in/api/users?page=3
[2019-11-26 18:41:39,798]  INFO com.gojek.assignment.gojekfinalassignment.service.ApiServiceImpl printResult - https://reqres.in/api/users/2 not equals https://reqres.in/api/users?page=2
[2019-11-26 18:54:27,851]  INFO org.apache.http.impl.execchain.RetryExec execute - I/O exception (java.net.SocketException) caught when processing request to {s}->https://reqres.in:443: Software caused connection abort: recv failed
[2019-11-26 18:54:27,890]  INFO org.apache.http.impl.execchain.RetryExec execute - Retrying request to {s}->https://reqres.in:443
[2019-11-26 18:56:38,875]  INFO com.gojek.assignment.gojekfinalassignment.service.ApiServiceImpl printResult - https://reqres.in/api/users/3 not equals https://reqres.in/api/users/2
[2019-11-26 18:56:38,879]  INFO com.gojek.assignment.gojekfinalassignment.service.ApiServiceImpl printResult - https://reqres.in/api/users/1 not equals https://reqres.in/api/users?page=3
[2019-11-26 18:56:38,879]  INFO com.gojek.assignment.gojekfinalassignment.service.ApiServiceImpl printResult - https://reqres.in/api/users/2 not equals /api/unknown/2
[2019-11-26 18:56:38,879]  INFO com.gojek.assignment.gojekfinalassignment.service.ApiServiceImpl printResult - https://reqres.in/api/users?page=2 equals https://reqres.in/api/users?page=2
[2019-11-26 19:00:07,408]  ERROR com.gojek.assignment.gojekfinalassignment.dao.APICallerImpl makeApiRequest - Exception occured for URL /api/unknown/2
java.lang.IllegalStateException: Target host is null
	at org.apache.http.util.Asserts.notNull(Asserts.java:46)
	at org.apache.http.impl.client.InternalHttpClient.determineRoute(InternalHttpClient.java:125)
	at org.apache.http.impl.client.InternalHttpClient.doExecute(InternalHttpClient.java:185)
	at org.apache.http.impl.client.CloseableHttpClient.execute(CloseableHttpClient.java:82)
	at org.apache.http.impl.client.CloseableHttpClient.execute(CloseableHttpClient.java:106)
	at com.gojek.assignment.gojekfinalassignment.dao.APICallerImpl.makeApiRequest(APICallerImpl.java:83)
	at com.gojek.assignment.gojekfinalassignment.dao.APICallerImpl.makeGetCall(APICallerImpl.java:45)
	at com.gojek.assignment.gojekfinalassignment.service.ApiServiceImpl.callApi(ApiServiceImpl.java:172)
	at com.gojek.assignment.gojekfinalassignment.service.ApiServiceImpl.getResponseObjList(ApiServiceImpl.java:153)
	at com.gojek.assignment.gojekfinalassignment.service.ApiServiceImpl.getApiResponse(ApiServiceImpl.java:132)
	at com.gojek.assignment.gojekfinalassignment.ComparatorTest.testComparator(ComparatorTest.java:61)
	at sun.reflect.NativeMethodAccessorImpl.invoke0(Native Method)
	at sun.reflect.NativeMethodAccessorImpl.invoke(NativeMethodAccessorImpl.java:62)
	at sun.reflect.DelegatingMethodAccessorImpl.invoke(DelegatingMethodAccessorImpl.java:43)
	at java.lang.reflect.Method.invoke(Method.java:498)
	at org.testng.internal.MethodInvocationHelper.invokeMethod(MethodInvocationHelper.java:84)
	at org.testng.internal.Invoker.invokeMethod(Invoker.java:714)
	at org.testng.internal.Invoker.invokeTestMethod(Invoker.java:901)
	at org.testng.internal.Invoker.invokeTestMethods(Invoker.java:1231)
	at org.testng.internal.TestMethodWorker.invokeTestMethods(TestMethodWorker.java:127)
	at org.testng.internal.TestMethodWorker.run(TestMethodWorker.java:111)
	at org.testng.TestRunner.privateRun(TestRunner.java:767)
	at org.testng.TestRunner.run(TestRunner.java:617)
	at org.testng.SuiteRunner.runTest(SuiteRunner.java:348)
	at org.testng.SuiteRunner.runSequentially(SuiteRunner.java:343)
	at org.testng.SuiteRunner.privateRun(SuiteRunner.java:305)
	at org.testng.SuiteRunner.run(SuiteRunner.java:254)
	at org.testng.SuiteRunnerWorker.runSuite(SuiteRunnerWorker.java:52)
	at org.testng.SuiteRunnerWorker.run(SuiteRunnerWorker.java:86)
	at org.testng.TestNG.runSuitesSequentially(TestNG.java:1224)
	at org.testng.TestNG.runSuitesLocally(TestNG.java:1149)
	at org.testng.TestNG.run(TestNG.java:1057)
	at org.testng.remote.AbstractRemoteTestNG.run(AbstractRemoteTestNG.java:114)
	at org.testng.remote.RemoteTestNG.initAndRun(RemoteTestNG.java:251)
	at org.testng.remote.RemoteTestNG.main(RemoteTestNG.java:77)
[2019-11-26 19:00:08,147]  INFO com.gojek.assignment.gojekfinalassignment.service.ApiServiceImpl printResult - ------------------------------------------OUTPUT----------------------------------------------
[2019-11-26 19:00:08,147]  INFO com.gojek.assignment.gojekfinalassignment.service.ApiServiceImpl printResult - https://reqres.in/api/users/3 not equals https://reqres.in/api/users/2
[2019-11-26 19:00:08,147]  INFO com.gojek.assignment.gojekfinalassignment.service.ApiServiceImpl printResult - ------------------------------------------OUTPUT----------------------------------------------
[2019-11-26 19:00:08,147]  INFO com.gojek.assignment.gojekfinalassignment.service.ApiServiceImpl printResult - https://reqres.in/api/users/1 not equals https://reqres.in/api/users?page=3
[2019-11-26 19:00:08,147]  INFO com.gojek.assignment.gojekfinalassignment.service.ApiServiceImpl printResult - ------------------------------------------OUTPUT----------------------------------------------
[2019-11-26 19:00:08,147]  INFO com.gojek.assignment.gojekfinalassignment.service.ApiServiceImpl printResult - https://reqres.in/api/users/2 not equals /api/unknown/2
[2019-11-26 19:00:08,147]  INFO com.gojek.assignment.gojekfinalassignment.service.ApiServiceImpl printResult - ------------------------------------------OUTPUT----------------------------------------------
[2019-11-26 19:00:08,147]  INFO com.gojek.assignment.gojekfinalassignment.service.ApiServiceImpl printResult - https://reqres.in/api/users?page=2 equals https://reqres.in/api/users?page=2
[2019-11-26 19:02:06,433]  ERROR com.gojek.assignment.gojekfinalassignment.dao.APICallerImpl makeApiRequest - Exception occured for URL /api/unknown/2
java.lang.IllegalStateException: Target host is null
	at org.apache.http.util.Asserts.notNull(Asserts.java:46)
	at org.apache.http.impl.client.InternalHttpClient.determineRoute(InternalHttpClient.java:125)
	at org.apache.http.impl.client.InternalHttpClient.doExecute(InternalHttpClient.java:185)
	at org.apache.http.impl.client.CloseableHttpClient.execute(CloseableHttpClient.java:82)
	at org.apache.http.impl.client.CloseableHttpClient.execute(CloseableHttpClient.java:106)
	at com.gojek.assignment.gojekfinalassignment.dao.APICallerImpl.makeApiRequest(APICallerImpl.java:83)
	at com.gojek.assignment.gojekfinalassignment.dao.APICallerImpl.makeGetCall(APICallerImpl.java:45)
	at com.gojek.assignment.gojekfinalassignment.service.ApiServiceImpl.callApi(ApiServiceImpl.java:172)
	at com.gojek.assignment.gojekfinalassignment.service.ApiServiceImpl.getResponseObjList(ApiServiceImpl.java:153)
	at com.gojek.assignment.gojekfinalassignment.service.ApiServiceImpl.getApiResponse(ApiServiceImpl.java:132)
	at com.gojek.assignment.gojekfinalassignment.ComparatorTest.testComparator(ComparatorTest.java:61)
	at sun.reflect.NativeMethodAccessorImpl.invoke0(Native Method)
	at sun.reflect.NativeMethodAccessorImpl.invoke(NativeMethodAccessorImpl.java:62)
	at sun.reflect.DelegatingMethodAccessorImpl.invoke(DelegatingMethodAccessorImpl.java:43)
	at java.lang.reflect.Method.invoke(Method.java:498)
	at org.testng.internal.MethodInvocationHelper.invokeMethod(MethodInvocationHelper.java:84)
	at org.testng.internal.Invoker.invokeMethod(Invoker.java:714)
	at org.testng.internal.Invoker.invokeTestMethod(Invoker.java:901)
	at org.testng.internal.Invoker.invokeTestMethods(Invoker.java:1231)
	at org.testng.internal.TestMethodWorker.invokeTestMethods(TestMethodWorker.java:127)
	at org.testng.internal.TestMethodWorker.run(TestMethodWorker.java:111)
	at org.testng.TestRunner.privateRun(TestRunner.java:767)
	at org.testng.TestRunner.run(TestRunner.java:617)
	at org.testng.SuiteRunner.runTest(SuiteRunner.java:348)
	at org.testng.SuiteRunner.runSequentially(SuiteRunner.java:343)
	at org.testng.SuiteRunner.privateRun(SuiteRunner.java:305)
	at org.testng.SuiteRunner.run(SuiteRunner.java:254)
	at org.testng.SuiteRunnerWorker.runSuite(SuiteRunnerWorker.java:52)
	at org.testng.SuiteRunnerWorker.run(SuiteRunnerWorker.java:86)
	at org.testng.TestNG.runSuitesSequentially(TestNG.java:1224)
	at org.testng.TestNG.runSuitesLocally(TestNG.java:1149)
	at org.testng.TestNG.run(TestNG.java:1057)
	at org.testng.remote.AbstractRemoteTestNG.run(AbstractRemoteTestNG.java:114)
	at org.testng.remote.RemoteTestNG.initAndRun(RemoteTestNG.java:251)
	at org.testng.remote.RemoteTestNG.main(RemoteTestNG.java:77)
[2019-11-26 19:03:08,430]  INFO com.gojek.assignment.gojekfinalassignment.service.ApiServiceImpl printResult - https://reqres.in/api/users/3 not equals https://reqres.in/api/users/2
[2019-11-26 19:03:08,433]  INFO com.gojek.assignment.gojekfinalassignment.service.ApiServiceImpl printResult - https://reqres.in/api/users/1 not equals https://reqres.in/api/users?page=3
[2019-11-26 19:03:08,436]  INFO com.gojek.assignment.gojekfinalassignment.service.ApiServiceImpl printResult - https://reqres.in/api/users/2 not equals /api/unknown/2
[2019-11-26 19:03:08,438]  INFO com.gojek.assignment.gojekfinalassignment.service.ApiServiceImpl printResult - https://reqres.in/api/users?page=2 equals https://reqres.in/api/users?page=2
[2019-11-26 19:27:27,090]  ERROR com.gojek.assignment.gojekfinalassignment.dao.APICallerImpl makeApiRequest - Exception occured for URL /api/unknown/2
java.lang.IllegalStateException: Target host is null
	at org.apache.http.util.Asserts.notNull(Asserts.java:46)
	at org.apache.http.impl.client.InternalHttpClient.determineRoute(InternalHttpClient.java:125)
	at org.apache.http.impl.client.InternalHttpClient.doExecute(InternalHttpClient.java:185)
	at org.apache.http.impl.client.CloseableHttpClient.execute(CloseableHttpClient.java:82)
	at org.apache.http.impl.client.CloseableHttpClient.execute(CloseableHttpClient.java:106)
	at com.gojek.assignment.gojekfinalassignment.dao.APICallerImpl.makeApiRequest(APICallerImpl.java:69)
	at com.gojek.assignment.gojekfinalassignment.dao.APICallerImpl.makeGetCall(APICallerImpl.java:31)
	at com.gojek.assignment.gojekfinalassignment.service.ApiServiceImpl.callApi(ApiServiceImpl.java:170)
	at com.gojek.assignment.gojekfinalassignment.service.ApiServiceImpl.getResponseObjList(ApiServiceImpl.java:151)
	at com.gojek.assignment.gojekfinalassignment.service.ApiServiceImpl.getApiResponse(ApiServiceImpl.java:130)
	at com.gojek.assignment.gojekfinalassignment.ComparatorTest.testComparator(ComparatorTest.java:61)
	at sun.reflect.NativeMethodAccessorImpl.invoke0(Native Method)
	at sun.reflect.NativeMethodAccessorImpl.invoke(NativeMethodAccessorImpl.java:62)
	at sun.reflect.DelegatingMethodAccessorImpl.invoke(DelegatingMethodAccessorImpl.java:43)
	at java.lang.reflect.Method.invoke(Method.java:498)
	at org.testng.internal.MethodInvocationHelper.invokeMethod(MethodInvocationHelper.java:84)
	at org.testng.internal.Invoker.invokeMethod(Invoker.java:714)
	at org.testng.internal.Invoker.invokeTestMethod(Invoker.java:901)
	at org.testng.internal.Invoker.invokeTestMethods(Invoker.java:1231)
	at org.testng.internal.TestMethodWorker.invokeTestMethods(TestMethodWorker.java:127)
	at org.testng.internal.TestMethodWorker.run(TestMethodWorker.java:111)
	at org.testng.TestRunner.privateRun(TestRunner.java:767)
	at org.testng.TestRunner.run(TestRunner.java:617)
	at org.testng.SuiteRunner.runTest(SuiteRunner.java:348)
	at org.testng.SuiteRunner.runSequentially(SuiteRunner.java:343)
	at org.testng.SuiteRunner.privateRun(SuiteRunner.java:305)
	at org.testng.SuiteRunner.run(SuiteRunner.java:254)
	at org.testng.SuiteRunnerWorker.runSuite(SuiteRunnerWorker.java:52)
	at org.testng.SuiteRunnerWorker.run(SuiteRunnerWorker.java:86)
	at org.testng.TestNG.runSuitesSequentially(TestNG.java:1224)
	at org.testng.TestNG.runSuitesLocally(TestNG.java:1149)
	at org.testng.TestNG.run(TestNG.java:1057)
	at org.testng.remote.AbstractRemoteTestNG.run(AbstractRemoteTestNG.java:114)
	at org.testng.remote.RemoteTestNG.initAndRun(RemoteTestNG.java:251)
	at org.testng.remote.RemoteTestNG.main(RemoteTestNG.java:77)
[2019-11-26 19:27:27,616]  INFO com.gojek.assignment.gojekfinalassignment.service.ApiServiceImpl printResult - https://reqres.in/api/users/3 not equals https://reqres.in/api/users/2
[2019-11-26 19:27:27,617]  INFO com.gojek.assignment.gojekfinalassignment.service.ApiServiceImpl printResult - https://reqres.in/api/users/1 not equals https://reqres.in/api/users?page=3
[2019-11-26 19:27:27,617]  INFO com.gojek.assignment.gojekfinalassignment.service.ApiServiceImpl printResult - https://reqres.in/api/users/2 not equals /api/unknown/2
[2019-11-26 19:27:27,617]  INFO com.gojek.assignment.gojekfinalassignment.service.ApiServiceImpl printResult - https://reqres.in/api/users?page=2 equals https://reqres.in/api/users?page=2
[2019-11-26 19:29:02,889]  ERROR com.gojek.assignment.gojekfinalassignment.dao.APICallerImpl makeApiRequest - Exception occured for URL /api/unknown/2
java.lang.IllegalStateException: Target host is null
	at org.apache.http.util.Asserts.notNull(Asserts.java:46)
	at org.apache.http.impl.client.InternalHttpClient.determineRoute(InternalHttpClient.java:125)
	at org.apache.http.impl.client.InternalHttpClient.doExecute(InternalHttpClient.java:185)
	at org.apache.http.impl.client.CloseableHttpClient.execute(CloseableHttpClient.java:82)
	at org.apache.http.impl.client.CloseableHttpClient.execute(CloseableHttpClient.java:106)
	at com.gojek.assignment.gojekfinalassignment.dao.APICallerImpl.makeApiRequest(APICallerImpl.java:69)
	at com.gojek.assignment.gojekfinalassignment.dao.APICallerImpl.makeGetCall(APICallerImpl.java:31)
	at com.gojek.assignment.gojekfinalassignment.service.ApiServiceImpl.callApi(ApiServiceImpl.java:170)
	at com.gojek.assignment.gojekfinalassignment.service.ApiServiceImpl.getResponseObjList(ApiServiceImpl.java:151)
	at com.gojek.assignment.gojekfinalassignment.service.ApiServiceImpl.getApiResponse(ApiServiceImpl.java:130)
	at com.gojek.assignment.gojekfinalassignment.ComparatorTest.testComparator(ComparatorTest.java:61)
	at sun.reflect.NativeMethodAccessorImpl.invoke0(Native Method)
	at sun.reflect.NativeMethodAccessorImpl.invoke(NativeMethodAccessorImpl.java:62)
	at sun.reflect.DelegatingMethodAccessorImpl.invoke(DelegatingMethodAccessorImpl.java:43)
	at java.lang.reflect.Method.invoke(Method.java:498)
	at org.testng.internal.MethodInvocationHelper.invokeMethod(MethodInvocationHelper.java:84)
	at org.testng.internal.Invoker.invokeMethod(Invoker.java:714)
	at org.testng.internal.Invoker.invokeTestMethod(Invoker.java:901)
	at org.testng.internal.Invoker.invokeTestMethods(Invoker.java:1231)
	at org.testng.internal.TestMethodWorker.invokeTestMethods(TestMethodWorker.java:127)
	at org.testng.internal.TestMethodWorker.run(TestMethodWorker.java:111)
	at org.testng.TestRunner.privateRun(TestRunner.java:767)
	at org.testng.TestRunner.run(TestRunner.java:617)
	at org.testng.SuiteRunner.runTest(SuiteRunner.java:348)
	at org.testng.SuiteRunner.runSequentially(SuiteRunner.java:343)
	at org.testng.SuiteRunner.privateRun(SuiteRunner.java:305)
	at org.testng.SuiteRunner.run(SuiteRunner.java:254)
	at org.testng.SuiteRunnerWorker.runSuite(SuiteRunnerWorker.java:52)
	at org.testng.SuiteRunnerWorker.run(SuiteRunnerWorker.java:86)
	at org.testng.TestNG.runSuitesSequentially(TestNG.java:1224)
	at org.testng.TestNG.runSuitesLocally(TestNG.java:1149)
	at org.testng.TestNG.run(TestNG.java:1057)
	at org.testng.remote.AbstractRemoteTestNG.run(AbstractRemoteTestNG.java:114)
	at org.testng.remote.RemoteTestNG.initAndRun(RemoteTestNG.java:251)
	at org.testng.remote.RemoteTestNG.main(RemoteTestNG.java:77)
[2019-11-26 20:25:12,646]  ERROR com.gojek.assignment.gojekfinalassignment.dao.APICallerImpl makeApiRequest - Exception occured for URL /api/unknown/2
java.lang.IllegalStateException: Target host is null
	at org.apache.http.util.Asserts.notNull(Asserts.java:46)
	at org.apache.http.impl.client.InternalHttpClient.determineRoute(InternalHttpClient.java:125)
	at org.apache.http.impl.client.InternalHttpClient.doExecute(InternalHttpClient.java:185)
	at org.apache.http.impl.client.CloseableHttpClient.execute(CloseableHttpClient.java:82)
	at org.apache.http.impl.client.CloseableHttpClient.execute(CloseableHttpClient.java:106)
	at com.gojek.assignment.gojekfinalassignment.dao.APICallerImpl.makeApiRequest(APICallerImpl.java:69)
	at com.gojek.assignment.gojekfinalassignment.dao.APICallerImpl.makeGetCall(APICallerImpl.java:31)
	at com.gojek.assignment.gojekfinalassignment.service.ApiServiceImpl.callApi(ApiServiceImpl.java:170)
	at com.gojek.assignment.gojekfinalassignment.service.ApiServiceImpl.getResponseObjList(ApiServiceImpl.java:151)
	at com.gojek.assignment.gojekfinalassignment.service.ApiServiceImpl.getApiResponse(ApiServiceImpl.java:130)
	at com.gojek.assignment.gojekfinalassignment.comparator.ComparatorUtil.compare(ComparatorUtil.java:28)
	at com.gojek.assignment.gojekfinalassignment.ComparatorTest.testComparator(ComparatorTest.java:51)
	at sun.reflect.NativeMethodAccessorImpl.invoke0(Native Method)
	at sun.reflect.NativeMethodAccessorImpl.invoke(NativeMethodAccessorImpl.java:62)
	at sun.reflect.DelegatingMethodAccessorImpl.invoke(DelegatingMethodAccessorImpl.java:43)
	at java.lang.reflect.Method.invoke(Method.java:498)
	at org.testng.internal.MethodInvocationHelper.invokeMethod(MethodInvocationHelper.java:84)
	at org.testng.internal.Invoker.invokeMethod(Invoker.java:714)
	at org.testng.internal.Invoker.invokeTestMethod(Invoker.java:901)
	at org.testng.internal.Invoker.invokeTestMethods(Invoker.java:1231)
	at org.testng.internal.TestMethodWorker.invokeTestMethods(TestMethodWorker.java:127)
	at org.testng.internal.TestMethodWorker.run(TestMethodWorker.java:111)
	at org.testng.TestRunner.privateRun(TestRunner.java:767)
	at org.testng.TestRunner.run(TestRunner.java:617)
	at org.testng.SuiteRunner.runTest(SuiteRunner.java:348)
	at org.testng.SuiteRunner.runSequentially(SuiteRunner.java:343)
	at org.testng.SuiteRunner.privateRun(SuiteRunner.java:305)
	at org.testng.SuiteRunner.run(SuiteRunner.java:254)
	at org.testng.SuiteRunnerWorker.runSuite(SuiteRunnerWorker.java:52)
	at org.testng.SuiteRunnerWorker.run(SuiteRunnerWorker.java:86)
	at org.testng.TestNG.runSuitesSequentially(TestNG.java:1224)
	at org.testng.TestNG.runSuitesLocally(TestNG.java:1149)
	at org.testng.TestNG.run(TestNG.java:1057)
	at org.testng.remote.AbstractRemoteTestNG.run(AbstractRemoteTestNG.java:114)
	at org.testng.remote.RemoteTestNG.initAndRun(RemoteTestNG.java:251)
	at org.testng.remote.RemoteTestNG.main(RemoteTestNG.java:77)
